<?xml version="1.0" encoding="UTF-8"?>
<testng-results skipped="0" failed="0" ignored="0" total="1" passed="1">
  <reporter-output>
  </reporter-output>
  <suite name="Suite1" duration-ms="36" started-at="2022-03-18T15:39:33 CST" finished-at="2022-03-18T15:39:33 CST">
    <groups>
    </groups>
    <test name="test1" duration-ms="36" started-at="2022-03-18T15:39:33 CST" finished-at="2022-03-18T15:39:33 CST">
      <class name="com.xzj.base1.TestParams">
        <test-method status="PASS" signature="add()[pri:0, instance:com.xzj.base1.TestParams@51efea79]" name="add" duration-ms="4" started-at="2022-03-18T15:39:33 CST" finished-at="2022-03-18T15:39:33 CST">
          <reporter-output>
          </reporter-output>
        </test-method> <!-- add -->
      </class> <!-- com.xzj.base1.TestParams -->
    </test> <!-- test1 -->
  </suite> <!-- Suite1 -->
</testng-results>
